app/build/intermediates/manifest_merge_blame_file/debug/processDebugMainManifest/manifest-merger-blame-debug-report.txt
1<?xml version="1.0" encoding="utf-8"?>
2<!-- ... (라이선스 주석 등) ... -->
3<manifest xmlns:android="http://schemas.android.com/apk/res/android"
4    package="com.TYTgoogle.TYTfirebase.TYTexample"
5    android:versionCode="1"
6    android:versionName="1.0" >
7
8    <uses-sdk
9        android:minSdkVersion="23"
10        android:targetSdkVersion="35" />
11
12    <uses-permission android:name="android.permission.ACCESS_NETWORK_STATE" />
12-->[com.firebaseui:firebase-ui-auth:9.0.0] AndroidManifest.xml:8:5-79
12-->[com.firebaseui:firebase-ui-auth:9.0.0] AndroidManifest.xml:8:22-76
13    <uses-permission android:name="android.permission.INTERNET" /> <!-- Used to check if a browser is available before launching phone auth -->
13-->[com.firebaseui:firebase-ui-auth:9.0.0] AndroidManifest.xml:9:5-67
13-->[com.firebaseui:firebase-ui-auth:9.0.0] AndroidManifest.xml:9:22-64
14    <!-- See ui/phone/PhoneNumberVerificationHandler.isBrowserAvailable() -->
15    <queries>
15-->[com.firebaseui:firebase-ui-auth:9.0.0] AndroidManifest.xml:13:5-21:15
16        <intent>
16-->[com.firebaseui:firebase-ui-auth:9.0.0] AndroidManifest.xml:14:9-20:18
17            <action android:name="android.intent.action.VIEW" />
17-->[com.firebaseui:firebase-ui-auth:9.0.0] AndroidManifest.xml:15:13-65
17-->[com.firebaseui:firebase-ui-auth:9.0.0] AndroidManifest.xml:15:21-62
18
19            <category android:name="android.intent.category.BROWSABLE" />
19-->[com.firebaseui:firebase-ui-auth:9.0.0] AndroidManifest.xml:17:13-74
19-->[com.firebaseui:firebase-ui-auth:9.0.0] AndroidManifest.xml:17:23-71
20
21            <data android:scheme="http" />
21-->[com.firebaseui:firebase-ui-auth:9.0.0] AndroidManifest.xml:19:13-43
21-->[com.firebaseui:firebase-ui-auth:9.0.0] AndroidManifest.xml:19:19-40
22        </intent>
23    </queries>
24
25    <uses-permission android:name="com.google.android.providers.gsf.permission.READ_GSERVICES" />
25-->[com.google.android.recaptcha:recaptcha:18.6.1] AndroidManifest.xml:9:5-98
25-->[com.google.android.recaptcha:recaptcha:18.6.1] AndroidManifest.xml:9:22-95
26
27    <permission
27-->[androidx.core:core:1.16.0] AndroidManifest.xml:22:5-24:47
28        android:name="com.TYTgoogle.TYTfirebase.TYTexample.DYNAMIC_RECEIVER_NOT_EXPORTED_PERMISSION"
28-->[androidx.core:core:1.16.0] AndroidManifest.xml:23:9-81
29        android:protectionLevel="signature" />
29-->[androidx.core:core:1.16.0] AndroidManifest.xml:24:9-44
30
31    <uses-permission android:name="com.TYTgoogle.TYTfirebase.TYTexample.DYNAMIC_RECEIVER_NOT_EXPORTED_PERMISSION" />
31-->[androidx.core:core:1.16.0] AndroidManifest.xml:26:5-97
31-->[androidx.core:core:1.16.0] AndroidManifest.xml:26:22-94
32
33    <application
33-->src\main\AndroidManifest.xml:7:5-51:19
34        android:allowBackup="true"
34-->src\main\AndroidManifest.xml:8:9-35
35        android:appComponentFactory="androidx.core.app.CoreComponentFactory"
35-->[androidx.core:core:1.16.0] AndroidManifest.xml:28:18-86
36        android:dataExtractionRules="@xml/data_extraction_rules"
36-->src\main\AndroidManifest.xml:9:9-65
37        android:debuggable="true"
38        android:extractNativeLibs="false"
39        android:fullBackupContent="@xml/backup_rules"
39-->src\main\AndroidManifest.xml:10:9-54
40        android:icon="@mipmap/ic_launcher"
40-->src\main\AndroidManifest.xml:12:9-43
41        android:label="@string/app_name"
41-->src\main\AndroidManifest.xml:14:9-41
42        android:networkSecurityConfig="@xml/network_security_config"
42-->src\main\AndroidManifest.xml:11:9-69
43        android:roundIcon="@mipmap/ic_launcher_round"
43-->src\main\AndroidManifest.xml:13:9-54
44        android:supportsRtl="true"
44-->src\main\AndroidManifest.xml:15:9-35
45        android:testOnly="true"
46        android:theme="@style/Theme.FirebaseDataConnect" >
46-->src\main\AndroidManifest.xml:16:9-57
47        <activity
47-->src\main\AndroidManifest.xml:19:9-28:20
48            android:name="com.TYTgoogle.TYTfirebase.TYTexample.MainActivity"
48-->src\main\AndroidManifest.xml:20:13-41
49            android:exported="true"
49-->src\main\AndroidManifest.xml:21:13-36
50            android:label="@string/app_name" > <!-- app_name을 사용하거나 특정 라벨을 지정합니다. -->
50-->src\main\AndroidManifest.xml:22:13-45
51            <!-- android:theme 속성을 제거하여 Application의 테마를 상속받음 -->
52            <intent-filter>
52-->src\main\AndroidManifest.xml:24:13-27:29
53                <action android:name="android.intent.action.MAIN" />
53-->src\main\AndroidManifest.xml:25:17-69
53-->src\main\AndroidManifest.xml:25:25-66
54
55                <category android:name="android.intent.category.LAUNCHER" />
55-->src\main\AndroidManifest.xml:26:17-77
55-->src\main\AndroidManifest.xml:26:27-74
56            </intent-filter>
57        </activity>
58
59        <!--
60        Jetpack Compose 방식에서는 별도의 PdfViewerActivity 선언이 필요하지 않을 수 있습니다.
61        만약 필요하다면 아래 주석을 해제하고 exported 속성 등을 알맞게 설정하세요.
62        <activity
63            android:name=".PdfViewerActivity"
64            android:exported="false" />
65        -->
66
67        <activity android:name="com.TYTgoogle.TYTfirebase.TYTexample.SimpleTextActivity" />
67-->src\main\AndroidManifest.xml:38:9-56
67-->src\main\AndroidManifest.xml:38:19-53
68
69        <!-- 외부 앱으로 PDF 열기 시 필요한 FileProvider 선언 -->
70        <provider
71            android:name="androidx.core.content.FileProvider"
71-->src\main\AndroidManifest.xml:42:13-62
72            android:authorities="com.TYTgoogle.TYTfirebase.TYTexample.fileprovider"
72-->src\main\AndroidManifest.xml:43:13-64
73            android:exported="false"
73-->src\main\AndroidManifest.xml:44:13-37
74            android:grantUriPermissions="true" >
74-->src\main\AndroidManifest.xml:45:13-47
75            <meta-data
75-->src\main\AndroidManifest.xml:46:13-48:54
76                android:name="android.support.FILE_PROVIDER_PATHS"
76-->src\main\AndroidManifest.xml:47:17-67
77                android:resource="@xml/file_paths" />
77-->src\main\AndroidManifest.xml:48:17-51
78        </provider>
79
80        <meta-data
80-->[com.firebaseui:firebase-ui-auth:9.0.0] AndroidManifest.xml:24:9-26:69
81            android:name="com.google.android.gms.version"
81-->[com.firebaseui:firebase-ui-auth:9.0.0] AndroidManifest.xml:25:13-58
82            android:value="@integer/google_play_services_version" />
82-->[com.firebaseui:firebase-ui-auth:9.0.0] AndroidManifest.xml:26:13-66
83        <meta-data
83-->[com.firebaseui:firebase-ui-auth:9.0.0] AndroidManifest.xml:27:9-29:63
84            android:name="com.facebook.sdk.ApplicationId"
84-->[com.firebaseui:firebase-ui-auth:9.0.0] AndroidManifest.xml:28:13-58
85            android:value="@string/facebook_application_id" />
85-->[com.firebaseui:firebase-ui-auth:9.0.0] AndroidManifest.xml:29:13-60
86
87        <activity
87-->[com.firebaseui:firebase-ui-auth:9.0.0] AndroidManifest.xml:31:9-35:61
88            android:name="com.firebase.ui.auth.KickoffActivity"
88-->[com.firebaseui:firebase-ui-auth:9.0.0] AndroidManifest.xml:32:13-64
89            android:exported="false"
89-->[com.firebaseui:firebase-ui-auth:9.0.0] AndroidManifest.xml:33:13-37
90            android:label=""
90-->[com.firebaseui:firebase-ui-auth:9.0.0] AndroidManifest.xml:34:13-29
91            android:theme="@style/FirebaseUI.Transparent" />
91-->[com.firebaseui:firebase-ui-auth:9.0.0] AndroidManifest.xml:35:13-58
92        <activity
92-->[com.firebaseui:firebase-ui-auth:9.0.0] AndroidManifest.xml:36:9-40:61
93            android:name="com.firebase.ui.auth.ui.idp.SingleSignInActivity"
93-->[com.firebaseui:firebase-ui-auth:9.0.0] AndroidManifest.xml:37:13-76
94            android:exported="false"
94-->[com.firebaseui:firebase-ui-auth:9.0.0] AndroidManifest.xml:38:13-37
95            android:label=""
95-->[com.firebaseui:firebase-ui-auth:9.0.0] AndroidManifest.xml:39:13-29
96            android:theme="@style/FirebaseUI.Transparent" />
96-->[com.firebaseui:firebase-ui-auth:9.0.0] AndroidManifest.xml:40:13-58
97        <activity
97-->[com.firebaseui:firebase-ui-auth:9.0.0] AndroidManifest.xml:41:9-45:61
98            android:name="com.firebase.ui.auth.ui.credentials.CredentialSaveActivity"
98-->[com.firebaseui:firebase-ui-auth:9.0.0] AndroidManifest.xml:42:13-86
99            android:exported="false"
99-->[com.firebaseui:firebase-ui-auth:9.0.0] AndroidManifest.xml:43:13-37
100            android:label=""
100-->[com.firebaseui:firebase-ui-auth:9.0.0] AndroidManifest.xml:44:13-29
101            android:theme="@style/FirebaseUI.Transparent" />
101-->[com.firebaseui:firebase-ui-auth:9.0.0] AndroidManifest.xml:45:13-58
102        <activity
102-->[com.firebaseui:firebase-ui-auth:9.0.0] AndroidManifest.xml:46:9-50:58
103            android:name="com.firebase.ui.auth.ui.email.RecoverPasswordActivity"
103-->[com.firebaseui:firebase-ui-auth:9.0.0] AndroidManifest.xml:47:13-81
104            android:exported="false"
104-->[com.firebaseui:firebase-ui-auth:9.0.0] AndroidManifest.xml:48:13-37
105            android:label="@string/fui_title_recover_password_activity"
105-->[com.firebaseui:firebase-ui-auth:9.0.0] AndroidManifest.xml:49:13-72
106            android:windowSoftInputMode="adjustResize" />
106-->[com.firebaseui:firebase-ui-auth:9.0.0] AndroidManifest.xml:50:13-55
107        <activity
107-->[com.firebaseui:firebase-ui-auth:9.0.0] AndroidManifest.xml:51:9-55:58
108            android:name="com.firebase.ui.auth.ui.email.EmailActivity"
108-->[com.firebaseui:firebase-ui-auth:9.0.0] AndroidManifest.xml:52:13-71
109            android:exported="false"
109-->[com.firebaseui:firebase-ui-auth:9.0.0] AndroidManifest.xml:53:13-37
110            android:label="@string/fui_sign_in_default"
110-->[com.firebaseui:firebase-ui-auth:9.0.0] AndroidManifest.xml:54:13-56
111            android:windowSoftInputMode="adjustResize" />
111-->[com.firebaseui:firebase-ui-auth:9.0.0] AndroidManifest.xml:55:13-55
112        <activity
112-->[com.firebaseui:firebase-ui-auth:9.0.0] AndroidManifest.xml:56:9-60:77
113            android:name="com.firebase.ui.auth.ui.phone.PhoneActivity"
113-->[com.firebaseui:firebase-ui-auth:9.0.0] AndroidManifest.xml:57:13-71
114            android:exported="false"
114-->[com.firebaseui:firebase-ui-auth:9.0.0] AndroidManifest.xml:58:13-37
115            android:label="@string/fui_sign_in_with_phone_number"
115-->[com.firebaseui:firebase-ui-auth:9.0.0] AndroidManifest.xml:59:13-66
116            android:windowSoftInputMode="adjustResize|stateAlwaysVisible" />
116-->[com.firebaseui:firebase-ui-auth:9.0.0] AndroidManifest.xml:60:13-74
117        <activity
117-->[com.firebaseui:firebase-ui-auth:9.0.0] AndroidManifest.xml:61:9-65:58
118            android:name="com.firebase.ui.auth.ui.idp.WelcomeBackIdpPrompt"
118-->[com.firebaseui:firebase-ui-auth:9.0.0] AndroidManifest.xml:62:13-76
119            android:exported="false"
119-->[com.firebaseui:firebase-ui-auth:9.0.0] AndroidManifest.xml:63:13-37
120            android:label="@string/fui_title_welcome_back_idp_prompt"
120-->[com.firebaseui:firebase-ui-auth:9.0.0] AndroidManifest.xml:64:13-70
121            android:windowSoftInputMode="adjustResize" />
121-->[com.firebaseui:firebase-ui-auth:9.0.0] AndroidManifest.xml:65:13-55
122        <activity
122-->[com.firebaseui:firebase-ui-auth:9.0.0] AndroidManifest.xml:66:9-70:58
123            android:name="com.firebase.ui.auth.ui.email.WelcomeBackPasswordPrompt"
123-->[com.firebaseui:firebase-ui-auth:9.0.0] AndroidManifest.xml:67:13-83
124            android:exported="false"
124-->[com.firebaseui:firebase-ui-auth:9.0.0] AndroidManifest.xml:68:13-37
125            android:label="@string/fui_title_welcome_back_password_prompt"
125-->[com.firebaseui:firebase-ui-auth:9.0.0] AndroidManifest.xml:69:13-75
126            android:windowSoftInputMode="adjustResize" />
126-->[com.firebaseui:firebase-ui-auth:9.0.0] AndroidManifest.xml:70:13-55
127        <activity
127-->[com.firebaseui:firebase-ui-auth:9.0.0] AndroidManifest.xml:71:9-75:58
128            android:name="com.firebase.ui.auth.ui.email.WelcomeBackEmailLinkPrompt"
128-->[com.firebaseui:firebase-ui-auth:9.0.0] AndroidManifest.xml:72:13-84
129            android:exported="false"
129-->[com.firebaseui:firebase-ui-auth:9.0.0] AndroidManifest.xml:73:13-37
130            android:label="@string/fui_title_welcome_back_password_prompt"
130-->[com.firebaseui:firebase-ui-auth:9.0.0] AndroidManifest.xml:74:13-75
131            android:windowSoftInputMode="adjustResize" />
131-->[com.firebaseui:firebase-ui-auth:9.0.0] AndroidManifest.xml:75:13-55
132        <activity
132-->[com.firebaseui:firebase-ui-auth:9.0.0] AndroidManifest.xml:76:9-81:58
133            android:name="com.firebase.ui.auth.ui.email.EmailLinkCatcherActivity"
133-->[com.firebaseui:firebase-ui-auth:9.0.0] AndroidManifest.xml:77:13-82
134            android:exported="false"
134-->[com.firebaseui:firebase-ui-auth:9.0.0] AndroidManifest.xml:78:13-37
135            android:label=""
135-->[com.firebaseui:firebase-ui-auth:9.0.0] AndroidManifest.xml:79:13-29
136            android:theme="@style/FirebaseUI.Transparent"
136-->[com.firebaseui:firebase-ui-auth:9.0.0] AndroidManifest.xml:80:13-58
137            android:windowSoftInputMode="adjustResize" />
137-->[com.firebaseui:firebase-ui-auth:9.0.0] AndroidManifest.xml:81:13-55
138        <activity
138-->[com.firebaseui:firebase-ui-auth:9.0.0] AndroidManifest.xml:82:9-86:58
139            android:name="com.firebase.ui.auth.ui.email.EmailLinkErrorRecoveryActivity"
139-->[com.firebaseui:firebase-ui-auth:9.0.0] AndroidManifest.xml:83:13-88
140            android:exported="false"
140-->[com.firebaseui:firebase-ui-auth:9.0.0] AndroidManifest.xml:84:13-37
141            android:label="@string/fui_sign_in_default"
141-->[com.firebaseui:firebase-ui-auth:9.0.0] AndroidManifest.xml:85:13-56
142            android:windowSoftInputMode="adjustResize" />
142-->[com.firebaseui:firebase-ui-auth:9.0.0] AndroidManifest.xml:86:13-55
143        <activity
143-->[com.firebaseui:firebase-ui-auth:9.0.0] AndroidManifest.xml:87:9-90:65
144            android:name="com.firebase.ui.auth.ui.idp.AuthMethodPickerActivity"
144-->[com.firebaseui:firebase-ui-auth:9.0.0] AndroidManifest.xml:88:13-80
145            android:exported="false"
145-->[com.firebaseui:firebase-ui-auth:9.0.0] AndroidManifest.xml:89:13-37
146            android:label="@string/fui_default_toolbar_title" />
146-->[com.firebaseui:firebase-ui-auth:9.0.0] AndroidManifest.xml:90:13-62
147        <activity
147-->[com.firebaseui:firebase-ui-auth:9.0.0] AndroidManifest.xml:91:9-95:48
148            android:name="com.facebook.FacebookActivity"
148-->[com.firebaseui:firebase-ui-auth:9.0.0] AndroidManifest.xml:92:13-57
149            android:configChanges="keyboard|keyboardHidden|screenLayout|screenSize|orientation"
149-->[com.firebaseui:firebase-ui-auth:9.0.0] AndroidManifest.xml:93:13-96
150            android:label="@string/app_name" />
150-->[com.firebaseui:firebase-ui-auth:9.0.0] AndroidManifest.xml:94:13-45
151        <activity
151-->[com.firebaseui:firebase-ui-auth:9.0.0] AndroidManifest.xml:96:9-108:20
152            android:name="com.facebook.CustomTabActivity"
152-->[com.firebaseui:firebase-ui-auth:9.0.0] AndroidManifest.xml:97:13-58
153            android:exported="true" >
153-->[com.firebaseui:firebase-ui-auth:9.0.0] AndroidManifest.xml:98:13-36
154            <intent-filter>
154-->[com.firebaseui:firebase-ui-auth:9.0.0] AndroidManifest.xml:100:13-107:29
155                <action android:name="android.intent.action.VIEW" />
155-->[com.firebaseui:firebase-ui-auth:9.0.0] AndroidManifest.xml:15:13-65
155-->[com.firebaseui:firebase-ui-auth:9.0.0] AndroidManifest.xml:15:21-62
156
157                <category android:name="android.intent.category.DEFAULT" />
157-->[com.firebaseui:firebase-ui-auth:9.0.0] AndroidManifest.xml:103:17-76
157-->[com.firebaseui:firebase-ui-auth:9.0.0] AndroidManifest.xml:103:27-73
158                <category android:name="android.intent.category.BROWSABLE" />
158-->[com.firebaseui:firebase-ui-auth:9.0.0] AndroidManifest.xml:17:13-74
158-->[com.firebaseui:firebase-ui-auth:9.0.0] AndroidManifest.xml:17:23-71
159
160                <data android:scheme="@string/facebook_login_protocol_scheme" />
160-->[com.firebaseui:firebase-ui-auth:9.0.0] AndroidManifest.xml:19:13-43
160-->[com.firebaseui:firebase-ui-auth:9.0.0] AndroidManifest.xml:19:19-40
161            </intent-filter>
162        </activity>
163
164        <provider
164-->[com.firebaseui:firebase-ui-auth:9.0.0] AndroidManifest.xml:110:9-114:38
165            android:name="com.firebase.ui.auth.data.client.AuthUiInitProvider"
165-->[com.firebaseui:firebase-ui-auth:9.0.0] AndroidManifest.xml:111:13-79
166            android:authorities="com.TYTgoogle.TYTfirebase.TYTexample.authuiinitprovider"
166-->[com.firebaseui:firebase-ui-auth:9.0.0] AndroidManifest.xml:112:13-70
167            android:exported="false"
167-->[com.firebaseui:firebase-ui-auth:9.0.0] AndroidManifest.xml:113:13-37
168            android:initOrder="90" />
168-->[com.firebaseui:firebase-ui-auth:9.0.0] AndroidManifest.xml:114:13-35
169
170        <activity
170-->[com.google.firebase:firebase-auth:23.2.1] AndroidManifest.xml:29:9-46:20
171            android:name="com.google.firebase.auth.internal.GenericIdpActivity"
171-->[com.google.firebase:firebase-auth:23.2.1] AndroidManifest.xml:30:13-80
172            android:excludeFromRecents="true"
172-->[com.google.firebase:firebase-auth:23.2.1] AndroidManifest.xml:31:13-46
173            android:exported="true"
173-->[com.google.firebase:firebase-auth:23.2.1] AndroidManifest.xml:32:13-36
174            android:launchMode="singleTask"
174-->[com.google.firebase:firebase-auth:23.2.1] AndroidManifest.xml:33:13-44
175            android:theme="@android:style/Theme.Translucent.NoTitleBar" >
175-->[com.google.firebase:firebase-auth:23.2.1] AndroidManifest.xml:34:13-72
176            <intent-filter>
176-->[com.google.firebase:firebase-auth:23.2.1] AndroidManifest.xml:35:13-45:29
177                <action android:name="android.intent.action.VIEW" />
177-->[com.firebaseui:firebase-ui-auth:9.0.0] AndroidManifest.xml:15:13-65
177-->[com.firebaseui:firebase-ui-auth:9.0.0] AndroidManifest.xml:15:21-62
178
179                <category android:name="android.intent.category.DEFAULT" />
179-->[com.firebaseui:firebase-ui-auth:9.0.0] AndroidManifest.xml:103:17-76
179-->[com.firebaseui:firebase-ui-auth:9.0.0] AndroidManifest.xml:103:27-73
180                <category android:name="android.intent.category.BROWSABLE" />
180-->[com.firebaseui:firebase-ui-auth:9.0.0] AndroidManifest.xml:17:13-74
180-->[com.firebaseui:firebase-ui-auth:9.0.0] AndroidManifest.xml:17:23-71
181
182                <data
182-->[com.firebaseui:firebase-ui-auth:9.0.0] AndroidManifest.xml:19:13-43
183                    android:host="firebase.auth"
184                    android:path="/"
185                    android:scheme="genericidp" />
185-->[com.firebaseui:firebase-ui-auth:9.0.0] AndroidManifest.xml:19:19-40
186            </intent-filter>
187        </activity>
188        <activity
188-->[com.google.firebase:firebase-auth:23.2.1] AndroidManifest.xml:47:9-64:20
189            android:name="com.google.firebase.auth.internal.RecaptchaActivity"
189-->[com.google.firebase:firebase-auth:23.2.1] AndroidManifest.xml:48:13-79
190            android:excludeFromRecents="true"
190-->[com.google.firebase:firebase-auth:23.2.1] AndroidManifest.xml:49:13-46
191            android:exported="true"
191-->[com.google.firebase:firebase-auth:23.2.1] AndroidManifest.xml:50:13-36
192            android:launchMode="singleTask"
192-->[com.google.firebase:firebase-auth:23.2.1] AndroidManifest.xml:51:13-44
193            android:theme="@android:style/Theme.Translucent.NoTitleBar" >
193-->[com.google.firebase:firebase-auth:23.2.1] AndroidManifest.xml:52:13-72
194            <intent-filter>
194-->[com.google.firebase:firebase-auth:23.2.1] AndroidManifest.xml:53:13-63:29
195                <action android:name="android.intent.action.VIEW" />
195-->[com.firebaseui:firebase-ui-auth:9.0.0] AndroidManifest.xml:15:13-65
195-->[com.firebaseui:firebase-ui-auth:9.0.0] AndroidManifest.xml:15:21-62
196
197                <category android:name="android.intent.category.DEFAULT" />
197-->[com.firebaseui:firebase-ui-auth:9.0.0] AndroidManifest.xml:103:17-76
197-->[com.firebaseui:firebase-ui-auth:9.0.0] AndroidManifest.xml:103:27-73
198                <category android:name="android.intent.category.BROWSABLE" />
198-->[com.firebaseui:firebase-ui-auth:9.0.0] AndroidManifest.xml:17:13-74
198-->[com.firebaseui:firebase-ui-auth:9.0.0] AndroidManifest.xml:17:23-71
199
200                <data
200-->[com.firebaseui:firebase-ui-auth:9.0.0] AndroidManifest.xml:19:13-43
201                    android:host="firebase.auth"
202                    android:path="/"
203                    android:scheme="recaptcha" />
203-->[com.firebaseui:firebase-ui-auth:9.0.0] AndroidManifest.xml:19:19-40
204            </intent-filter>
205        </activity>
206
207        <service
207-->[com.google.firebase:firebase-auth:23.2.1] AndroidManifest.xml:66:9-72:19
208            android:name="com.google.firebase.components.ComponentDiscoveryService"
208-->[com.google.firebase:firebase-auth:23.2.1] AndroidManifest.xml:67:13-84
209            android:directBootAware="true"
209-->[com.google.firebase:firebase-common:21.0.0] AndroidManifest.xml:32:13-43
210            android:exported="false" >
210-->[com.google.firebase:firebase-auth:23.2.1] AndroidManifest.xml:68:13-37
211            <meta-data
211-->[com.google.firebase:firebase-auth:23.2.1] AndroidManifest.xml:69:13-71:85
212                android:name="com.google.firebase.components:com.google.firebase.auth.FirebaseAuthRegistrar"
212-->[com.google.firebase:firebase-auth:23.2.1] AndroidManifest.xml:70:17-109
213                android:value="com.google.firebase.components.ComponentRegistrar" />
213-->[com.google.firebase:firebase-auth:23.2.1] AndroidManifest.xml:71:17-82
214            <meta-data
214-->[com.google.firebase:firebase-dataconnect:16.0.3] AndroidManifest.xml:17:13-19:85
215                android:name="com.google.firebase.components:com.google.firebase.dataconnect.core.FirebaseDataConnectRegistrar"
215-->[com.google.firebase:firebase-dataconnect:16.0.3] AndroidManifest.xml:18:17-128
216                android:value="com.google.firebase.components.ComponentRegistrar" />
216-->[com.google.firebase:firebase-dataconnect:16.0.3] AndroidManifest.xml:19:17-82
217            <meta-data
217-->[com.google.firebase:firebase-common-ktx:21.0.0] AndroidManifest.xml:12:13-14:85
218                android:name="com.google.firebase.components:com.google.firebase.ktx.FirebaseCommonLegacyRegistrar"
218-->[com.google.firebase:firebase-common-ktx:21.0.0] AndroidManifest.xml:13:17-116
219                android:value="com.google.firebase.components.ComponentRegistrar" />
219-->[com.google.firebase:firebase-common-ktx:21.0.0] AndroidManifest.xml:14:17-82
220            <meta-data
220-->[com.google.firebase:firebase-common:21.0.0] AndroidManifest.xml:35:13-37:85
221                android:name="com.google.firebase.components:com.google.firebase.FirebaseCommonKtxRegistrar"
221-->[com.google.firebase:firebase-common:21.0.0] AndroidManifest.xml:36:17-109
222                android:value="com.google.firebase.components.ComponentRegistrar" />
222-->[com.google.firebase:firebase-common:21.0.0] AndroidManifest.xml:37:17-82
223        </service>
224        <service
224-->[androidx.credentials:credentials-play-services-auth:1.3.0] AndroidManifest.xml:24:9-32:19
225            android:name="androidx.credentials.playservices.CredentialProviderMetadataHolder"
225-->[androidx.credentials:credentials-play-services-auth:1.3.0] AndroidManifest.xml:25:13-94
226            android:enabled="true"
226-->[androidx.credentials:credentials-play-services-auth:1.3.0] AndroidManifest.xml:26:13-35
227            android:exported="false" >
227-->[androidx.credentials:credentials-play-services-auth:1.3.0] AndroidManifest.xml:27:13-37
228            <meta-data
228-->[androidx.credentials:credentials-play-services-auth:1.3.0] AndroidManifest.xml:29:13-31:104
229                android:name="androidx.credentials.CREDENTIAL_PROVIDER_KEY"
229-->[androidx.credentials:credentials-play-services-auth:1.3.0] AndroidManifest.xml:30:17-76
230                android:value="androidx.credentials.playservices.CredentialProviderPlayServicesImpl" />
230-->[androidx.credentials:credentials-play-services-auth:1.3.0] AndroidManifest.xml:31:17-101
231        </service>
232
233        <activity
233-->[androidx.credentials:credentials-play-services-auth:1.3.0] AndroidManifest.xml:34:9-41:20
234            android:name="androidx.credentials.playservices.HiddenActivity"
234-->[androidx.credentials:credentials-play-services-auth:1.3.0] AndroidManifest.xml:35:13-76
235            android:configChanges="orientation|screenSize|screenLayout|keyboardHidden"
235-->[androidx.credentials:credentials-play-services-auth:1.3.0] AndroidManifest.xml:36:13-87
236            android:enabled="true"
236-->[androidx.credentials:credentials-play-services-auth:1.3.0] AndroidManifest.xml:37:13-35
237            android:exported="false"
237-->[androidx.credentials:credentials-play-services-auth:1.3.0] AndroidManifest.xml:38:13-37
238            android:fitsSystemWindows="true"
238-->[androidx.credentials:credentials-play-services-auth:1.3.0] AndroidManifest.xml:39:13-45
239            android:theme="@style/Theme.Hidden" >
239-->[androidx.credentials:credentials-play-services-auth:1.3.0] AndroidManifest.xml:40:13-48
240        </activity>
241        <activity
241-->[com.google.android.gms:play-services-auth:21.3.0] AndroidManifest.xml:23:9-27:75
242            android:name="com.google.android.gms.auth.api.signin.internal.SignInHubActivity"
242-->[com.google.android.gms:play-services-auth:21.3.0] AndroidManifest.xml:24:13-93
243            android:excludeFromRecents="true"
243-->[com.google.android.gms:play-services-auth:21.3.0] AndroidManifest.xml:25:13-46
244            android:exported="false"
244-->[com.google.android.gms:play-services-auth:21.3.0] AndroidManifest.xml:26:13-37
245            android:theme="@android:style/Theme.Translucent.NoTitleBar" />
245-->[com.google.android.gms:play-services-auth:21.3.0] AndroidManifest.xml:27:13-72
246        <!--
247            Service handling Google Sign-In user revocation. For apps that do not integrate with
248            Google Sign-In, this service will never be started.
249        -->
250        <service
250-->[com.google.android.gms:play-services-auth:21.3.0] AndroidManifest.xml:33:9-37:51
251            android:name="com.google.android.gms.auth.api.signin.RevocationBoundService"
251-->[com.google.android.gms:play-services-auth:21.3.0] AndroidManifest.xml:34:13-89
252            android:exported="true"
252-->[com.google.android.gms:play-services-auth:21.3.0] AndroidManifest.xml:35:13-36
253            android:permission="com.google.android.gms.auth.api.signin.permission.REVOCATION_NOTIFICATION"
253-->[com.google.android.gms:play-services-auth:21.3.0] AndroidManifest.xml:36:13-107
254            android:visibleToInstantApps="true" />
254-->[com.google.android.gms:play-services-auth:21.3.0] AndroidManifest.xml:37:13-48
255
256        <activity
256-->[com.google.android.gms:play-services-base:18.5.0] AndroidManifest.xml:5:9-173
257            android:name="com.google.android.gms.common.api.GoogleApiActivity"
257-->[com.google.android.gms:play-services-base:18.5.0] AndroidManifest.xml:5:19-85
258            android:exported="false"
258-->[com.google.android.gms:play-services-base:18.5.0] AndroidManifest.xml:5:146-170
259            android:theme="@android:style/Theme.Translucent.NoTitleBar" />
259-->[com.google.android.gms:play-services-base:18.5.0] AndroidManifest.xml:5:86-145
260
261        <provider
261-->[com.google.firebase:firebase-common:21.0.0] AndroidManifest.xml:23:9-28:39
262            android:name="com.google.firebase.provider.FirebaseInitProvider"
262-->[com.google.firebase:firebase-common:21.0.0] AndroidManifest.xml:24:13-77
263            android:authorities="com.TYTgoogle.TYTfirebase.TYTexample.firebaseinitprovider"
263-->[com.google.firebase:firebase-common:21.0.0] AndroidManifest.xml:25:13-72
264            android:directBootAware="true"
264-->[com.google.firebase:firebase-common:21.0.0] AndroidManifest.xml:26:13-43
265            android:exported="false"
265-->[com.google.firebase:firebase-common:21.0.0] AndroidManifest.xml:27:13-37
266            android:initOrder="100" />
266-->[com.google.firebase:firebase-common:21.0.0] AndroidManifest.xml:28:13-36
267
268        <activity
268-->[androidx.compose.ui:ui-tooling-android:1.8.3] AndroidManifest.xml:23:9-25:39
269            android:name="androidx.compose.ui.tooling.PreviewActivity"
269-->[androidx.compose.ui:ui-tooling-android:1.8.3] AndroidManifest.xml:24:13-71
270            android:exported="true" />
270-->[androidx.compose.ui:ui-tooling-android:1.8.3] AndroidManifest.xml:25:13-36
271        <activity
271-->[androidx.compose.ui:ui-test-manifest:1.8.3] AndroidManifest.xml:23:9-26:79
272            android:name="androidx.activity.ComponentActivity"
272-->[androidx.compose.ui:ui-test-manifest:1.8.3] AndroidManifest.xml:24:13-63
273            android:exported="true"
273-->[androidx.compose.ui:ui-test-manifest:1.8.3] AndroidManifest.xml:25:13-36
274            android:theme="@android:style/Theme.Material.Light.NoActionBar" />
274-->[androidx.compose.ui:ui-test-manifest:1.8.3] AndroidManifest.xml:26:13-76
275
276        <provider
276-->[androidx.emoji2:emoji2:1.4.0] AndroidManifest.xml:24:9-32:20
277            android:name="androidx.startup.InitializationProvider"
277-->[androidx.emoji2:emoji2:1.4.0] AndroidManifest.xml:25:13-67
278            android:authorities="com.TYTgoogle.TYTfirebase.TYTexample.androidx-startup"
278-->[androidx.emoji2:emoji2:1.4.0] AndroidManifest.xml:26:13-68